Created by PLY version 3.11 (http://www.dabeaz.com/ply)

Unused terminals:

    COMMENT

Grammar

Rule 0     S' -> program
Rule 1     program -> statement
Rule 2     program -> funclist
Rule 3     program -> empty
Rule 4     funclist -> funcdef _funclist
Rule 5     _funclist -> funclist
Rule 6     _funclist -> empty
Rule 7     funcdef -> DEFINE IDENT LPAREN paramlist RPAREN LBRACES statelist RBRACES
Rule 8     paramlist -> INT IDENT _paramlist
Rule 9     paramlist -> FLOAT IDENT _paramlist
Rule 10    paramlist -> STRING IDENT _paramlist
Rule 11    paramlist -> empty
Rule 12    _paramlist -> COMMA paramlist
Rule 13    _paramlist -> empty
Rule 14    statement -> vardecl SEMICOLON
Rule 15    statement -> atribstat SEMICOLON
Rule 16    statement -> printstat SEMICOLON
Rule 17    statement -> readstat SEMICOLON
Rule 18    statement -> returnstat SEMICOLON
Rule 19    statement -> ifstat
Rule 20    statement -> forstat
Rule 21    statement -> LBRACES statelist RBRACES
Rule 22    statement -> BREAK SEMICOLON
Rule 23    statement -> SEMICOLON
Rule 24    vardecl -> INT IDENT vardecl_line
Rule 25    vardecl -> FLOAT IDENT vardecl_line
Rule 26    vardecl -> STRING IDENT vardecl_line
Rule 27    vardecl_line -> LBRACKET INT_CONSTANT RBRACKET vardecl_line
Rule 28    vardecl_line -> empty
Rule 29    atribstat -> lvalue ASSIGN _atribstat
Rule 30    _atribstat -> PLUS _atribstat_help
Rule 31    _atribstat -> MINUS _atribstat_help
Rule 32    _atribstat -> __atribstat
Rule 33    _atribstat -> IDENT u3atribstat
Rule 34    _atribstat -> allocexpression
Rule 35    _atribstat_help -> IDENT lvalue_line term_line numexpression_line _expression
Rule 36    _atribstat_help -> __atribstat
Rule 37    __atribstat -> INT_CONSTANT term_line numexpression_line _expression
Rule 38    __atribstat -> FLOAT_CONSTANT term_line numexpression_line _expression
Rule 39    __atribstat -> STRING_CONSTANT term_line numexpression_line _expression
Rule 40    __atribstat -> NULL term_line numexpression_line _expression
Rule 41    __atribstat -> LPAREN numexpression RPAREN term_line numexpression_line _expression
Rule 42    ___atribstat -> lvalue_line term_line numexpression_line _expression
Rule 43    ___atribstat -> LPAREN paramlistcall RPAREN
Rule 44    funccall -> IDENT LPAREN paramlistcall RPAREN
Rule 45    paramlistcall -> IDENT _paramlistcall
Rule 46    paramlistcall -> empty
Rule 47    _paramlistcall -> COMMA paramlistcall
Rule 48    _paramlistcall -> empty
Rule 49    printstat -> PRINT expression
Rule 50    readstat -> READ lvalue
Rule 51    returnstat -> RETURN
Rule 52    ifstat -> IF LPAREN expression RPAREN statement _ifstat
Rule 53    _ifstat -> ELSE statement
Rule 54    _ifstat -> empty
Rule 55    forstat -> FOR LPAREN atribstat SEMICOLON expression SEMICOLON atribstat RPAREN statement
Rule 56    statelist -> statement _statelist
Rule 57    _statelist -> statelist
Rule 58    _statelist -> empty
Rule 59    allocexpression -> NEW _allocexpression
Rule 60    _allocexpression -> INT allocexpression_line
Rule 61    _allocexpression -> FLOAT allocexpression_line
Rule 62    _allocexpression -> STRING allocexpression_line
Rule 63    allocexpression_line -> LBRACKET numexpression RBRACKET _allocexpression_line
Rule 64    _allocexpression_line -> allocexpression_line
Rule 65    _allocexpression_line -> empty
Rule 66    expression -> numexpression _expression
Rule 67    _expression -> LESS_THAN numexpression
Rule 68    _expression -> GREATER_THAN numexpression
Rule 69    _expression -> LESS_EQUAL_THAN numexpression
Rule 70    _expression -> GREATER_EQUAL_THAN numexpression
Rule 71    _expression -> EQUAL_TO numexpression
Rule 72    _expression -> NOT_EQUAL_TO numexpression
Rule 73    _expression -> empty
Rule 74    numexpression -> term numexpression_line
Rule 75    numexpression_line -> PLUS term numexpression_line
Rule 76    numexpression_line -> MINUS term numexpression_line
Rule 77    numexpression_line -> empty
Rule 78    term -> unaryexpr term_line
Rule 79    term_line -> TIMES unaryexpr term_line
Rule 80    term_line -> DIVIDE unaryexpr term_line
Rule 81    term_line -> MODULO unaryexpr term_line
Rule 82    term_line -> empty
Rule 83    unaryexpr -> factor
Rule 84    unaryexpr -> PLUS factor
Rule 85    unaryexpr -> MINUS factor
Rule 86    factor -> INT_CONSTANT
Rule 87    factor -> FLOAT_CONSTANT
Rule 88    factor -> STRING_CONSTANT
Rule 89    factor -> NULL
Rule 90    factor -> lvalue
Rule 91    factor -> LPAREN numexpression RPAREN
Rule 92    lvalue -> IDENT lvalue_line
Rule 93    lvalue_line -> LBRACKET numexpression RBRACKET lvalue_line
Rule 94    lvalue_line -> empty
Rule 95    empty -> <empty>

Terminals, with rules where they appear

ASSIGN               : 29
BREAK                : 22
COMMA                : 12 47
COMMENT              : 
DEFINE               : 7
DIVIDE               : 80
ELSE                 : 53
EQUAL_TO             : 71
FLOAT                : 9 25 61
FLOAT_CONSTANT       : 38 87
FOR                  : 55
GREATER_EQUAL_THAN   : 70
GREATER_THAN         : 68
IDENT                : 7 8 9 10 24 25 26 33 35 44 45 92
IF                   : 52
INT                  : 8 24 60
INT_CONSTANT         : 27 37 86
LBRACES              : 7 21
LBRACKET             : 27 63 93
LESS_EQUAL_THAN      : 69
LESS_THAN            : 67
LPAREN               : 7 41 43 44 52 55 91
MINUS                : 31 76 85
MODULO               : 81
NEW                  : 59
NOT_EQUAL_TO         : 72
NULL                 : 40 89
PLUS                 : 30 75 84
PRINT                : 49
RBRACES              : 7 21
RBRACKET             : 27 63 93
READ                 : 50
RETURN               : 51
RPAREN               : 7 41 43 44 52 55 91
SEMICOLON            : 14 15 16 17 18 22 23 55 55
STRING               : 10 26 62
STRING_CONSTANT      : 39 88
TIMES                : 79
error                : 

Nonterminals, with rules where they appear

___atribstat         : 
__atribstat          : 32 36
_allocexpression     : 59
_allocexpression_line : 63
_atribstat           : 29
_atribstat_help      : 30 31
_expression          : 35 37 38 39 40 41 42 66
_funclist            : 4
_ifstat              : 52
_paramlist           : 8 9 10
_paramlistcall       : 45
_statelist           : 56
allocexpression      : 34
allocexpression_line : 60 61 62 64
atribstat            : 15 55 55
empty                : 3 6 11 13 28 46 48 54 58 65 73 77 82 94
expression           : 49 52 55
factor               : 83 84 85
forstat              : 20
funccall             : 
funcdef              : 4
funclist             : 2 5
ifstat               : 19
lvalue               : 29 50 90
lvalue_line          : 35 42 92 93
numexpression        : 41 63 66 67 68 69 70 71 72 91 93
numexpression_line   : 35 37 38 39 40 41 42 74 75 76
paramlist            : 7 12
paramlistcall        : 43 44 47
printstat            : 16
program              : 0
readstat             : 17
returnstat           : 18
statelist            : 7 21 57
statement            : 1 52 53 55 56
term                 : 74 75 76
term_line            : 35 37 38 39 40 41 42 78 79 80 81
u3atribstat          : 33
unaryexpr            : 78 79 80 81
vardecl              : 14
vardecl_line         : 24 25 26 27

